

2025-07-01 18:33:08 | PDOException: SQLSTATE[42000]: Syntax error or access violation: 1064 You have an error in your SQL syntax; check the manual that corresponds to your MariaDB server version for the right syntax to use near ':00' at line 1 in /opt/lampp/htdocs/crud-base/DataRepository.php:21
Stack trace:
#0 /opt/lampp/htdocs/crud-base/DataRepository.php(21): PDO->exec('SET time_zone =...')
#1 /opt/lampp/htdocs/crud-base/index.php(23): DataRepositoy->__construct()
#2 {main}

2025-07-01 18:33:20 | PDOException: SQLSTATE[42000]: Syntax error or access violation: 1064 You have an error in your SQL syntax; check the manual that corresponds to your MariaDB server version for the right syntax to use near ':00' at line 1 in /opt/lampp/htdocs/crud-base/DataRepository.php:21
Stack trace:
#0 /opt/lampp/htdocs/crud-base/DataRepository.php(21): PDO->exec('SET time_zone =...')
#1 /opt/lampp/htdocs/crud-base/index.php(23): DataRepositoy->__construct()
#2 {main}

2025-07-01 19:06:13 | PDOException: SQLSTATE[42000]: Syntax error or access violation: 1064 You have an error in your SQL syntax; check the manual that corresponds to your MariaDB server version for the right syntax to use near 'LIKE '%/%'' at line 1 in /opt/lampp/htdocs/crud-base/DataRepository.php:94
Stack trace:
#0 /opt/lampp/htdocs/crud-base/DataRepository.php(94): PDOStatement->execute()
#1 /opt/lampp/htdocs/crud-base/index.php(31): DataRepositoy->search('users', Array, '/')
#2 {main}

2025-07-01 19:06:15 | PDOException: SQLSTATE[42000]: Syntax error or access violation: 1064 You have an error in your SQL syntax; check the manual that corresponds to your MariaDB server version for the right syntax to use near 'LIKE '%/%'' at line 1 in /opt/lampp/htdocs/crud-base/DataRepository.php:94
Stack trace:
#0 /opt/lampp/htdocs/crud-base/DataRepository.php(94): PDOStatement->execute()
#1 /opt/lampp/htdocs/crud-base/index.php(31): DataRepositoy->search('users', Array, '/')
#2 {main}

2025-07-01 19:13:18 | PDOException: SQLSTATE[HY000] [1049] Unknown database 'test_db' in /opt/lampp/htdocs/crud-base/DataRepository.php:19
Stack trace:
#0 /opt/lampp/htdocs/crud-base/DataRepository.php(19): PDO->__construct('mysql:host=loca...', 'root', Object(SensitiveParameterValue), Array)
#1 /opt/lampp/htdocs/crud-base/index.php(24): DataRepositoy->__construct()
#2 {main}

2025-07-01 19:13:18 | PDOException: SQLSTATE[HY000] [1049] Unknown database 'test_db' in /opt/lampp/htdocs/crud-base/DataRepository.php:19
Stack trace:
#0 /opt/lampp/htdocs/crud-base/DataRepository.php(19): PDO->__construct('mysql:host=loca...', 'root', Object(SensitiveParameterValue), Array)
#1 /opt/lampp/htdocs/crud-base/index.php(24): DataRepositoy->__construct()
#2 {main}

2025-07-01 19:13:19 | PDOException: SQLSTATE[HY000] [1049] Unknown database 'test_db' in /opt/lampp/htdocs/crud-base/DataRepository.php:19
Stack trace:
#0 /opt/lampp/htdocs/crud-base/DataRepository.php(19): PDO->__construct('mysql:host=loca...', 'root', Object(SensitiveParameterValue), Array)
#1 /opt/lampp/htdocs/crud-base/index.php(24): DataRepositoy->__construct()
#2 {main}

2025-07-01 19:13:19 | PDOException: SQLSTATE[HY000] [1049] Unknown database 'test_db' in /opt/lampp/htdocs/crud-base/DataRepository.php:19
Stack trace:
#0 /opt/lampp/htdocs/crud-base/DataRepository.php(19): PDO->__construct('mysql:host=loca...', 'root', Object(SensitiveParameterValue), Array)
#1 /opt/lampp/htdocs/crud-base/index.php(24): DataRepositoy->__construct()
#2 {main}

2025-07-01 19:14:10 | PDOException: SQLSTATE[HY000] [1049] Unknown database 'test_db' in /opt/lampp/htdocs/crud-base/DataRepository.php:19
Stack trace:
#0 /opt/lampp/htdocs/crud-base/DataRepository.php(19): PDO->__construct('mysql:host=loca...', 'root', Object(SensitiveParameterValue), Array)
#1 /opt/lampp/htdocs/crud-base/index.php(24): DataRepositoy->__construct()
#2 {main}

2025-07-01 19:14:11 | PDOException: SQLSTATE[HY000] [1049] Unknown database 'test_db' in /opt/lampp/htdocs/crud-base/DataRepository.php:19
Stack trace:
#0 /opt/lampp/htdocs/crud-base/DataRepository.php(19): PDO->__construct('mysql:host=loca...', 'root', Object(SensitiveParameterValue), Array)
#1 /opt/lampp/htdocs/crud-base/index.php(24): DataRepositoy->__construct()
#2 {main}

2025-07-01 19:16:06 | PDOException: SQLSTATE[42S02]: Base table or view not found: 1146 Table 'db_test.users' doesn't exist in /opt/lampp/htdocs/crud-base/DataRepository.php:94
Stack trace:
#0 /opt/lampp/htdocs/crud-base/DataRepository.php(94): PDOStatement->execute()
#1 /opt/lampp/htdocs/crud-base/index.php(31): DataRepositoy->search('users', Array, '/')
#2 {main}

2025-07-01 21:58:12 | PDOException: SQLSTATE[42S02]: Base table or view not found: 1146 Table 'db_test.users' doesn't exist in /opt/lampp/htdocs/crud-base/DataRepository.php:72
Stack trace:
#0 /opt/lampp/htdocs/crud-base/DataRepository.php(72): PDOStatement->execute()
#1 /opt/lampp/htdocs/crud-base/index.php(34): DataRepositoy->search('users', Array, '/')
#2 {main}

2025-07-01 21:58:12 | PDOException: SQLSTATE[42S02]: Base table or view not found: 1146 Table 'db_test.users' doesn't exist in /opt/lampp/htdocs/crud-base/DataRepository.php:72
Stack trace:
#0 /opt/lampp/htdocs/crud-base/DataRepository.php(72): PDOStatement->execute()
#1 /opt/lampp/htdocs/crud-base/index.php(34): DataRepositoy->search('users', Array, '/')
#2 {main}

2025-07-01 21:58:13 | PDOException: SQLSTATE[42S02]: Base table or view not found: 1146 Table 'db_test.users' doesn't exist in /opt/lampp/htdocs/crud-base/DataRepository.php:72
Stack trace:
#0 /opt/lampp/htdocs/crud-base/DataRepository.php(72): PDOStatement->execute()
#1 /opt/lampp/htdocs/crud-base/index.php(34): DataRepositoy->search('users', Array, '/')
#2 {main}

2025-07-01 21:58:13 | PDOException: SQLSTATE[42S02]: Base table or view not found: 1146 Table 'db_test.users' doesn't exist in /opt/lampp/htdocs/crud-base/DataRepository.php:72
Stack trace:
#0 /opt/lampp/htdocs/crud-base/DataRepository.php(72): PDOStatement->execute()
#1 /opt/lampp/htdocs/crud-base/index.php(34): DataRepositoy->search('users', Array, '/')
#2 {main}

2025-07-01 21:59:52 | PDOException: SQLSTATE[42S02]: Base table or view not found: 1146 Table 'db_test.users' doesn't exist in /opt/lampp/htdocs/crud-base/DataRepository.php:72
Stack trace:
#0 /opt/lampp/htdocs/crud-base/DataRepository.php(72): PDOStatement->execute()
#1 /opt/lampp/htdocs/crud-base/index.php(34): DataRepositoy->search('users', Array, '/')
#2 {main}

2025-07-01 21:59:53 | PDOException: SQLSTATE[42S02]: Base table or view not found: 1146 Table 'db_test.users' doesn't exist in /opt/lampp/htdocs/crud-base/DataRepository.php:72
Stack trace:
#0 /opt/lampp/htdocs/crud-base/DataRepository.php(72): PDOStatement->execute()
#1 /opt/lampp/htdocs/crud-base/index.php(34): DataRepositoy->search('users', Array, '/')
#2 {main}

2025-07-01 21:59:54 | PDOException: SQLSTATE[42S02]: Base table or view not found: 1146 Table 'db_test.users' doesn't exist in /opt/lampp/htdocs/crud-base/DataRepository.php:72
Stack trace:
#0 /opt/lampp/htdocs/crud-base/DataRepository.php(72): PDOStatement->execute()
#1 /opt/lampp/htdocs/crud-base/index.php(34): DataRepositoy->search('users', Array, '/')
#2 {main}

2025-07-01 22:05:33 | PDOException: SQLSTATE[42S22]: Column not found: 1054 Unknown column 'password' in 'where clause' in /opt/lampp/htdocs/crud-base/DataRepository.php:73
Stack trace:
#0 /opt/lampp/htdocs/crud-base/DataRepository.php(73): PDOStatement->execute()
#1 /opt/lampp/htdocs/crud-base/index.php(34): DataRepositoy->search('usuarios', Array, '/')
#2 {main}

2025-07-01 22:05:34 | PDOException: SQLSTATE[42S22]: Column not found: 1054 Unknown column 'password' in 'where clause' in /opt/lampp/htdocs/crud-base/DataRepository.php:73
Stack trace:
#0 /opt/lampp/htdocs/crud-base/DataRepository.php(73): PDOStatement->execute()
#1 /opt/lampp/htdocs/crud-base/index.php(34): DataRepositoy->search('usuarios', Array, '/')
#2 {main}

2025-07-01 22:05:34 | PDOException: SQLSTATE[42S22]: Column not found: 1054 Unknown column 'password' in 'where clause' in /opt/lampp/htdocs/crud-base/DataRepository.php:73
Stack trace:
#0 /opt/lampp/htdocs/crud-base/DataRepository.php(73): PDOStatement->execute()
#1 /opt/lampp/htdocs/crud-base/index.php(34): DataRepositoy->search('usuarios', Array, '/')
#2 {main}

2025-07-01 22:09:29 | PDOException: SQLSTATE[HY000]: General error: 1364 Field 'nome' doesn't have a default value in /opt/lampp/htdocs/crud-base/DataRepository.php:28
Stack trace:
#0 /opt/lampp/htdocs/crud-base/DataRepository.php(28): PDOStatement->execute(Array)
#1 /opt/lampp/htdocs/crud-base/index.php(34): DataRepositoy->create('usuarios', Array, Array)
#2 {main}

2025-07-01 22:09:29 | PDOException: SQLSTATE[42S02]: Base table or view not found: 1146 Table 'db_test.users' doesn't exist in /opt/lampp/htdocs/crud-base/DataRepository.php:45
Stack trace:
#0 /opt/lampp/htdocs/crud-base/DataRepository.php(45): PDO->query('SELECT * FROM u...')
#1 /opt/lampp/htdocs/crud-base/index.php(36): DataRepositoy->read('users')
#2 {main}

2025-07-01 22:09:53 | PDOException: SQLSTATE[HY000]: General error: 1364 Field 'nome' doesn't have a default value in /opt/lampp/htdocs/crud-base/DataRepository.php:28
Stack trace:
#0 /opt/lampp/htdocs/crud-base/DataRepository.php(28): PDOStatement->execute(Array)
#1 /opt/lampp/htdocs/crud-base/index.php(34): DataRepositoy->create('usuarios', Array, Array)
#2 {main}

2025-07-01 22:10:27 | PDOException: SQLSTATE[HY000]: General error: 1364 Field 'nome' doesn't have a default value in /opt/lampp/htdocs/crud-base/DataRepository.php:28
Stack trace:
#0 /opt/lampp/htdocs/crud-base/DataRepository.php(28): PDOStatement->execute(Array)
#1 /opt/lampp/htdocs/crud-base/index.php(34): DataRepositoy->create('usuarios', Array, Array)
#2 {main}

2025-07-01 22:10:28 | PDOException: SQLSTATE[HY000]: General error: 1364 Field 'nome' doesn't have a default value in /opt/lampp/htdocs/crud-base/DataRepository.php:28
Stack trace:
#0 /opt/lampp/htdocs/crud-base/DataRepository.php(28): PDOStatement->execute(Array)
#1 /opt/lampp/htdocs/crud-base/index.php(34): DataRepositoy->create('usuarios', Array, Array)
#2 {main}

2025-07-01 22:10:29 | PDOException: SQLSTATE[HY000]: General error: 1364 Field 'nome' doesn't have a default value in /opt/lampp/htdocs/crud-base/DataRepository.php:28
Stack trace:
#0 /opt/lampp/htdocs/crud-base/DataRepository.php(28): PDOStatement->execute(Array)
#1 /opt/lampp/htdocs/crud-base/index.php(34): DataRepositoy->create('usuarios', Array, Array)
#2 {main}

2025-07-01 22:11:00 | PDOException: SQLSTATE[HY000]: General error: 1364 Field 'senha' doesn't have a default value in /opt/lampp/htdocs/crud-base/DataRepository.php:28
Stack trace:
#0 /opt/lampp/htdocs/crud-base/DataRepository.php(28): PDOStatement->execute(Array)
#1 /opt/lampp/htdocs/crud-base/index.php(34): DataRepositoy->create('usuarios', Array, Array)
#2 {main}

2025-07-01 22:11:00 | PDOException: SQLSTATE[HY000]: General error: 1364 Field 'senha' doesn't have a default value in /opt/lampp/htdocs/crud-base/DataRepository.php:28
Stack trace:
#0 /opt/lampp/htdocs/crud-base/DataRepository.php(28): PDOStatement->execute(Array)
#1 /opt/lampp/htdocs/crud-base/index.php(34): DataRepositoy->create('usuarios', Array, Array)
#2 {main}

2025-07-01 22:11:01 | PDOException: SQLSTATE[HY000]: General error: 1364 Field 'senha' doesn't have a default value in /opt/lampp/htdocs/crud-base/DataRepository.php:28
Stack trace:
#0 /opt/lampp/htdocs/crud-base/DataRepository.php(28): PDOStatement->execute(Array)
#1 /opt/lampp/htdocs/crud-base/index.php(34): DataRepositoy->create('usuarios', Array, Array)
#2 {main}

2025-07-01 22:11:01 | PDOException: SQLSTATE[HY000]: General error: 1364 Field 'senha' doesn't have a default value in /opt/lampp/htdocs/crud-base/DataRepository.php:28
Stack trace:
#0 /opt/lampp/htdocs/crud-base/DataRepository.php(28): PDOStatement->execute(Array)
#1 /opt/lampp/htdocs/crud-base/index.php(34): DataRepositoy->create('usuarios', Array, Array)
#2 {main}

2025-07-01 22:11:18 | PDOException: SQLSTATE[HY000]: General error: 1364 Field 'senha' doesn't have a default value in /opt/lampp/htdocs/crud-base/DataRepository.php:28
Stack trace:
#0 /opt/lampp/htdocs/crud-base/DataRepository.php(28): PDOStatement->execute(Array)
#1 /opt/lampp/htdocs/crud-base/index.php(34): DataRepositoy->create('usuarios', Array, Array)
#2 {main}

2025-07-01 22:11:18 | PDOException: SQLSTATE[HY000]: General error: 1364 Field 'senha' doesn't have a default value in /opt/lampp/htdocs/crud-base/DataRepository.php:28
Stack trace:
#0 /opt/lampp/htdocs/crud-base/DataRepository.php(28): PDOStatement->execute(Array)
#1 /opt/lampp/htdocs/crud-base/index.php(34): DataRepositoy->create('usuarios', Array, Array)
#2 {main}

2025-07-01 22:13:18 | PDOException: SQLSTATE[23000]: Integrity constraint violation: 1062 Duplicate entry 'teste@asd' for key 'email' in /opt/lampp/htdocs/crud-base/DataRepository.php:30
Stack trace:
#0 /opt/lampp/htdocs/crud-base/DataRepository.php(30): PDOStatement->execute(Array)
#1 /opt/lampp/htdocs/crud-base/index.php(34): DataRepositoy->create('usuarios', Array, Array)
#2 {main}

2025-07-01 22:13:33 | PDOException: SQLSTATE[23000]: Integrity constraint violation: 1062 Duplicate entry 'teste@asd' for key 'email' in /opt/lampp/htdocs/crud-base/DataRepository.php:30
Stack trace:
#0 /opt/lampp/htdocs/crud-base/DataRepository.php(30): PDOStatement->execute(Array)
#1 /opt/lampp/htdocs/crud-base/index.php(34): DataRepositoy->create('usuarios', Array, Array)
#2 {main}

2025-07-01 22:13:33 | PDOException: SQLSTATE[23000]: Integrity constraint violation: 1062 Duplicate entry 'teste@asd' for key 'email' in /opt/lampp/htdocs/crud-base/DataRepository.php:30
Stack trace:
#0 /opt/lampp/htdocs/crud-base/DataRepository.php(30): PDOStatement->execute(Array)
#1 /opt/lampp/htdocs/crud-base/index.php(34): DataRepositoy->create('usuarios', Array, Array)
#2 {main}

2025-07-01 22:13:33 | PDOException: SQLSTATE[23000]: Integrity constraint violation: 1062 Duplicate entry 'teste@asd' for key 'email' in /opt/lampp/htdocs/crud-base/DataRepository.php:30
Stack trace:
#0 /opt/lampp/htdocs/crud-base/DataRepository.php(30): PDOStatement->execute(Array)
#1 /opt/lampp/htdocs/crud-base/index.php(34): DataRepositoy->create('usuarios', Array, Array)
#2 {main}

2025-07-01 22:13:33 | PDOException: SQLSTATE[23000]: Integrity constraint violation: 1062 Duplicate entry 'teste@asd' for key 'email' in /opt/lampp/htdocs/crud-base/DataRepository.php:30
Stack trace:
#0 /opt/lampp/htdocs/crud-base/DataRepository.php(30): PDOStatement->execute(Array)
#1 /opt/lampp/htdocs/crud-base/index.php(34): DataRepositoy->create('usuarios', Array, Array)
#2 {main}

2025-07-01 22:13:34 | PDOException: SQLSTATE[23000]: Integrity constraint violation: 1062 Duplicate entry 'teste@asd' for key 'email' in /opt/lampp/htdocs/crud-base/DataRepository.php:30
Stack trace:
#0 /opt/lampp/htdocs/crud-base/DataRepository.php(30): PDOStatement->execute(Array)
#1 /opt/lampp/htdocs/crud-base/index.php(34): DataRepositoy->create('usuarios', Array, Array)
#2 {main}

2025-07-01 22:13:34 | PDOException: SQLSTATE[23000]: Integrity constraint violation: 1062 Duplicate entry 'teste@asd' for key 'email' in /opt/lampp/htdocs/crud-base/DataRepository.php:30
Stack trace:
#0 /opt/lampp/htdocs/crud-base/DataRepository.php(30): PDOStatement->execute(Array)
#1 /opt/lampp/htdocs/crud-base/index.php(34): DataRepositoy->create('usuarios', Array, Array)
#2 {main}

2025-07-01 22:13:53 | PDOException: SQLSTATE[23000]: Integrity constraint violation: 1062 Duplicate entry 'teste@asd' for key 'email' in /opt/lampp/htdocs/crud-base/DataRepository.php:30
Stack trace:
#0 /opt/lampp/htdocs/crud-base/DataRepository.php(30): PDOStatement->execute(Array)
#1 /opt/lampp/htdocs/crud-base/index.php(34): DataRepositoy->create('usuarios', Array, Array)
#2 {main}

2025-07-01 22:13:53 | PDOException: SQLSTATE[23000]: Integrity constraint violation: 1062 Duplicate entry 'teste@asd' for key 'email' in /opt/lampp/htdocs/crud-base/DataRepository.php:30
Stack trace:
#0 /opt/lampp/htdocs/crud-base/DataRepository.php(30): PDOStatement->execute(Array)
#1 /opt/lampp/htdocs/crud-base/index.php(34): DataRepositoy->create('usuarios', Array, Array)
#2 {main}

2025-07-01 22:13:53 | PDOException: SQLSTATE[23000]: Integrity constraint violation: 1062 Duplicate entry 'teste@asd' for key 'email' in /opt/lampp/htdocs/crud-base/DataRepository.php:30
Stack trace:
#0 /opt/lampp/htdocs/crud-base/DataRepository.php(30): PDOStatement->execute(Array)
#1 /opt/lampp/htdocs/crud-base/index.php(34): DataRepositoy->create('usuarios', Array, Array)
#2 {main}

2025-07-01 22:14:50 | PDOException: SQLSTATE[23000]: Integrity constraint violation: 1062 Duplicate entry 'teste@asd' for key 'email' in /opt/lampp/htdocs/crud-base/DataRepository.php:30
Stack trace:
#0 /opt/lampp/htdocs/crud-base/DataRepository.php(30): PDOStatement->execute(Array)
#1 /opt/lampp/htdocs/crud-base/index.php(34): DataRepositoy->create('usuarios', Array, Array)
#2 {main}

2025-07-01 22:14:53 | PDOException: SQLSTATE[42S02]: Base table or view not found: 1146 Table 'db_test.users' doesn't exist in /opt/lampp/htdocs/crud-base/DataRepository.php:128
Stack trace:
#0 /opt/lampp/htdocs/crud-base/DataRepository.php(128): PDOStatement->execute(Array)
#1 /opt/lampp/htdocs/crud-base/index.php(31): DataRepositoy->delete('users', Array)
#2 {main}

2025-07-01 22:14:53 | PDOException: SQLSTATE[23000]: Integrity constraint violation: 1062 Duplicate entry 'teste@asd' for key 'email' in /opt/lampp/htdocs/crud-base/DataRepository.php:30
Stack trace:
#0 /opt/lampp/htdocs/crud-base/DataRepository.php(30): PDOStatement->execute(Array)
#1 /opt/lampp/htdocs/crud-base/index.php(34): DataRepositoy->create('usuarios', Array, Array)
#2 {main}

2025-07-01 22:14:56 | PDOException: SQLSTATE[42S02]: Base table or view not found: 1146 Table 'db_test.users' doesn't exist in /opt/lampp/htdocs/crud-base/DataRepository.php:128
Stack trace:
#0 /opt/lampp/htdocs/crud-base/DataRepository.php(128): PDOStatement->execute(Array)
#1 /opt/lampp/htdocs/crud-base/index.php(31): DataRepositoy->delete('users', Array)
#2 {main}

2025-07-01 22:14:56 | PDOException: SQLSTATE[23000]: Integrity constraint violation: 1062 Duplicate entry 'teste@asd' for key 'email' in /opt/lampp/htdocs/crud-base/DataRepository.php:30
Stack trace:
#0 /opt/lampp/htdocs/crud-base/DataRepository.php(30): PDOStatement->execute(Array)
#1 /opt/lampp/htdocs/crud-base/index.php(34): DataRepositoy->create('usuarios', Array, Array)
#2 {main}

2025-07-01 22:14:58 | PDOException: SQLSTATE[42S02]: Base table or view not found: 1146 Table 'db_test.users' doesn't exist in /opt/lampp/htdocs/crud-base/DataRepository.php:128
Stack trace:
#0 /opt/lampp/htdocs/crud-base/DataRepository.php(128): PDOStatement->execute(Array)
#1 /opt/lampp/htdocs/crud-base/index.php(31): DataRepositoy->delete('users', Array)
#2 {main}

2025-07-01 22:14:58 | PDOException: SQLSTATE[23000]: Integrity constraint violation: 1062 Duplicate entry 'teste@asd' for key 'email' in /opt/lampp/htdocs/crud-base/DataRepository.php:30
Stack trace:
#0 /opt/lampp/htdocs/crud-base/DataRepository.php(30): PDOStatement->execute(Array)
#1 /opt/lampp/htdocs/crud-base/index.php(34): DataRepositoy->create('usuarios', Array, Array)
#2 {main}

2025-07-01 22:14:58 | PDOException: SQLSTATE[42S02]: Base table or view not found: 1146 Table 'db_test.users' doesn't exist in /opt/lampp/htdocs/crud-base/DataRepository.php:128
Stack trace:
#0 /opt/lampp/htdocs/crud-base/DataRepository.php(128): PDOStatement->execute(Array)
#1 /opt/lampp/htdocs/crud-base/index.php(31): DataRepositoy->delete('users', Array)
#2 {main}

2025-07-01 22:14:58 | PDOException: SQLSTATE[23000]: Integrity constraint violation: 1062 Duplicate entry 'teste@asd' for key 'email' in /opt/lampp/htdocs/crud-base/DataRepository.php:30
Stack trace:
#0 /opt/lampp/htdocs/crud-base/DataRepository.php(30): PDOStatement->execute(Array)
#1 /opt/lampp/htdocs/crud-base/index.php(34): DataRepositoy->create('usuarios', Array, Array)
#2 {main}

2025-07-01 22:14:59 | PDOException: SQLSTATE[42S02]: Base table or view not found: 1146 Table 'db_test.users' doesn't exist in /opt/lampp/htdocs/crud-base/DataRepository.php:128
Stack trace:
#0 /opt/lampp/htdocs/crud-base/DataRepository.php(128): PDOStatement->execute(Array)
#1 /opt/lampp/htdocs/crud-base/index.php(31): DataRepositoy->delete('users', Array)
#2 {main}

2025-07-01 22:14:59 | PDOException: SQLSTATE[23000]: Integrity constraint violation: 1062 Duplicate entry 'teste@asd' for key 'email' in /opt/lampp/htdocs/crud-base/DataRepository.php:30
Stack trace:
#0 /opt/lampp/htdocs/crud-base/DataRepository.php(30): PDOStatement->execute(Array)
#1 /opt/lampp/htdocs/crud-base/index.php(34): DataRepositoy->create('usuarios', Array, Array)
#2 {main}

2025-07-01 22:14:59 | PDOException: SQLSTATE[42S02]: Base table or view not found: 1146 Table 'db_test.users' doesn't exist in /opt/lampp/htdocs/crud-base/DataRepository.php:128
Stack trace:
#0 /opt/lampp/htdocs/crud-base/DataRepository.php(128): PDOStatement->execute(Array)
#1 /opt/lampp/htdocs/crud-base/index.php(31): DataRepositoy->delete('users', Array)
#2 {main}

2025-07-01 22:14:59 | PDOException: SQLSTATE[23000]: Integrity constraint violation: 1062 Duplicate entry 'teste@asd' for key 'email' in /opt/lampp/htdocs/crud-base/DataRepository.php:30
Stack trace:
#0 /opt/lampp/htdocs/crud-base/DataRepository.php(30): PDOStatement->execute(Array)
#1 /opt/lampp/htdocs/crud-base/index.php(34): DataRepositoy->create('usuarios', Array, Array)
#2 {main}

2025-07-01 22:16:19 | PDOException: SQLSTATE[23000]: Integrity constraint violation: 1062 Duplicate entry 'teste@asd' for key 'email' in /opt/lampp/htdocs/crud-base/DataRepository.php:30
Stack trace:
#0 /opt/lampp/htdocs/crud-base/DataRepository.php(30): PDOStatement->execute(Array)
#1 /opt/lampp/htdocs/crud-base/index.php(34): DataRepositoy->create('usuarios', Array, Array)
#2 {main}

2025-07-01 22:16:19 | PDOException: SQLSTATE[23000]: Integrity constraint violation: 1062 Duplicate entry 'teste@asd' for key 'email' in /opt/lampp/htdocs/crud-base/DataRepository.php:30
Stack trace:
#0 /opt/lampp/htdocs/crud-base/DataRepository.php(30): PDOStatement->execute(Array)
#1 /opt/lampp/htdocs/crud-base/index.php(34): DataRepositoy->create('usuarios', Array, Array)
#2 {main}

2025-07-01 22:16:19 | PDOException: SQLSTATE[23000]: Integrity constraint violation: 1062 Duplicate entry 'teste@asd' for key 'email' in /opt/lampp/htdocs/crud-base/DataRepository.php:30
Stack trace:
#0 /opt/lampp/htdocs/crud-base/DataRepository.php(30): PDOStatement->execute(Array)
#1 /opt/lampp/htdocs/crud-base/index.php(34): DataRepositoy->create('usuarios', Array, Array)
#2 {main}

2025-07-01 22:16:44 | PDOException: SQLSTATE[23000]: Integrity constraint violation: 1062 Duplicate entry 'testse@asd' for key 'email' in /opt/lampp/htdocs/crud-base/DataRepository.php:30
Stack trace:
#0 /opt/lampp/htdocs/crud-base/DataRepository.php(30): PDOStatement->execute(Array)
#1 /opt/lampp/htdocs/crud-base/index.php(34): DataRepositoy->create('usuarios', Array, Array)
#2 {main}

2025-07-01 22:18:39 | PDOException: SQLSTATE[23000]: Integrity constraint violation: 1062 Duplicate entry 'testsaae@asd' for key 'email' in /opt/lampp/htdocs/crud-base/DataRepository.php:30
Stack trace:
#0 /opt/lampp/htdocs/crud-base/DataRepository.php(30): PDOStatement->execute(Array)
#1 /opt/lampp/htdocs/crud-base/index.php(35): DataRepositoy->create('usuarios', Array, Array)
#2 {main}